Compiling the C compiler identification source file "CMakeCCompilerId.c" failed.
Compiler: /Library/Developer/CommandLineTools/usr/bin/cc 
Build flags: 
Id flags:  

The output was:
1
ld: library 'System' not found
clang: error: linker command failed with exit code 1 (use -v to see invocation)


Compiling the CXX compiler identification source file "CMakeCXXCompilerId.cpp" failed.
Compiler: /Library/Developer/CommandLineTools/usr/bin/c++ 
Build flags: 
Id flags:  

The output was:
1
ld: library 'c++' not found
clang: error: linker command failed with exit code 1 (use -v to see invocation)


Detecting C OpenMP version failed with the following output:
Change Dir: /Users/patrickkeogh/CLionProjects/FYP/cmake-build-debug/CMakeFiles/CMakeTmp

Run Build Command(s):/usr/bin/make -f Makefile cmTC_8fd64/fast && /Library/Developer/CommandLineTools/usr/bin/make  -f CMakeFiles/cmTC_8fd64.dir/build.make CMakeFiles/cmTC_8fd64.dir/build
Building C object CMakeFiles/cmTC_8fd64.dir/OpenMPCheckVersion.c.o
/Library/Developer/CommandLineTools/usr/bin/cc   -Xpreprocessor -fopenmp -I/opt/homebrew/opt/llvm/include -arch arm64 -isysroot /Library/Developer/CommandLineTools/SDKs/MacOSX14.2.sdk -MD -MT CMakeFiles/cmTC_8fd64.dir/OpenMPCheckVersion.c.o -MF CMakeFiles/cmTC_8fd64.dir/OpenMPCheckVersion.c.o.d -o CMakeFiles/cmTC_8fd64.dir/OpenMPCheckVersion.c.o -c /Users/patrickkeogh/CLionProjects/FYP/cmake-build-debug/CMakeFiles/FindOpenMP/OpenMPCheckVersion.c
/Users/patrickkeogh/CLionProjects/FYP/cmake-build-debug/CMakeFiles/FindOpenMP/OpenMPCheckVersion.c:3:10: fatal error: 'omp.h' file not found
#include <omp.h>
         ^~~~~~~
1 error generated.
make[1]: *** [CMakeFiles/cmTC_8fd64.dir/OpenMPCheckVersion.c.o] Error 1
make: *** [cmTC_8fd64/fast] Error 2



Detecting CXX OpenMP version failed with the following output:
Change Dir: /Users/patrickkeogh/CLionProjects/FYP/cmake-build-debug/CMakeFiles/CMakeTmp

Run Build Command(s):/usr/bin/make -f Makefile cmTC_2c758/fast && /Library/Developer/CommandLineTools/usr/bin/make  -f CMakeFiles/cmTC_2c758.dir/build.make CMakeFiles/cmTC_2c758.dir/build
Building CXX object CMakeFiles/cmTC_2c758.dir/OpenMPCheckVersion.cpp.o
/Library/Developer/CommandLineTools/usr/bin/c++   -Xpreprocessor -fopenmp -I/opt/homebrew/opt/llvm/include -arch arm64 -isysroot /Library/Developer/CommandLineTools/SDKs/MacOSX14.2.sdk -MD -MT CMakeFiles/cmTC_2c758.dir/OpenMPCheckVersion.cpp.o -MF CMakeFiles/cmTC_2c758.dir/OpenMPCheckVersion.cpp.o.d -o CMakeFiles/cmTC_2c758.dir/OpenMPCheckVersion.cpp.o -c /Users/patrickkeogh/CLionProjects/FYP/cmake-build-debug/CMakeFiles/FindOpenMP/OpenMPCheckVersion.cpp
/Users/patrickkeogh/CLionProjects/FYP/cmake-build-debug/CMakeFiles/FindOpenMP/OpenMPCheckVersion.cpp:3:10: fatal error: 'omp.h' file not found
#include <omp.h>
         ^~~~~~~
1 error generated.
make[1]: *** [CMakeFiles/cmTC_2c758.dir/OpenMPCheckVersion.cpp.o] Error 1
make: *** [cmTC_2c758/fast] Error 2



Detecting C OpenMP version failed with the following output:
Change Dir: /Users/patrickkeogh/CLionProjects/FYP/cmake-build-debug/CMakeFiles/CMakeTmp

Run Build Command(s):/usr/bin/make -f Makefile cmTC_ab78d/fast && /Library/Developer/CommandLineTools/usr/bin/make  -f CMakeFiles/cmTC_ab78d.dir/build.make CMakeFiles/cmTC_ab78d.dir/build
Building C object CMakeFiles/cmTC_ab78d.dir/OpenMPCheckVersion.c.o
/Library/Developer/CommandLineTools/usr/bin/cc   -Xpreprocessor -fopenmp -I/opt/homebrew/opt/llvm/include -arch arm64 -isysroot /Library/Developer/CommandLineTools/SDKs/MacOSX14.2.sdk -MD -MT CMakeFiles/cmTC_ab78d.dir/OpenMPCheckVersion.c.o -MF CMakeFiles/cmTC_ab78d.dir/OpenMPCheckVersion.c.o.d -o CMakeFiles/cmTC_ab78d.dir/OpenMPCheckVersion.c.o -c /Users/patrickkeogh/CLionProjects/FYP/cmake-build-debug/CMakeFiles/FindOpenMP/OpenMPCheckVersion.c
/Users/patrickkeogh/CLionProjects/FYP/cmake-build-debug/CMakeFiles/FindOpenMP/OpenMPCheckVersion.c:3:10: fatal error: 'omp.h' file not found
#include <omp.h>
         ^~~~~~~
1 error generated.
make[2]: *** [CMakeFiles/cmTC_ab78d.dir/OpenMPCheckVersion.c.o] Error 1
make[1]: *** [cmTC_ab78d/fast] Error 2



Detecting CXX OpenMP version failed with the following output:
Change Dir: /Users/patrickkeogh/CLionProjects/FYP/cmake-build-debug/CMakeFiles/CMakeTmp

Run Build Command(s):/usr/bin/make -f Makefile cmTC_a4c49/fast && /Library/Developer/CommandLineTools/usr/bin/make  -f CMakeFiles/cmTC_a4c49.dir/build.make CMakeFiles/cmTC_a4c49.dir/build
Building CXX object CMakeFiles/cmTC_a4c49.dir/OpenMPCheckVersion.cpp.o
/Library/Developer/CommandLineTools/usr/bin/c++   -Xpreprocessor -fopenmp -I/opt/homebrew/opt/llvm/include -arch arm64 -isysroot /Library/Developer/CommandLineTools/SDKs/MacOSX14.2.sdk -MD -MT CMakeFiles/cmTC_a4c49.dir/OpenMPCheckVersion.cpp.o -MF CMakeFiles/cmTC_a4c49.dir/OpenMPCheckVersion.cpp.o.d -o CMakeFiles/cmTC_a4c49.dir/OpenMPCheckVersion.cpp.o -c /Users/patrickkeogh/CLionProjects/FYP/cmake-build-debug/CMakeFiles/FindOpenMP/OpenMPCheckVersion.cpp
/Users/patrickkeogh/CLionProjects/FYP/cmake-build-debug/CMakeFiles/FindOpenMP/OpenMPCheckVersion.cpp:3:10: fatal error: 'omp.h' file not found
#include <omp.h>
         ^~~~~~~
1 error generated.
make[2]: *** [CMakeFiles/cmTC_a4c49.dir/OpenMPCheckVersion.cpp.o] Error 1
make[1]: *** [cmTC_a4c49/fast] Error 2



Detecting C OpenMP version failed with the following output:
Change Dir: /Users/patrickkeogh/CLionProjects/FYP/cmake-build-debug/CMakeFiles/CMakeTmp

Run Build Command(s):/usr/bin/make -f Makefile cmTC_a931c/fast && /Library/Developer/CommandLineTools/usr/bin/make  -f CMakeFiles/cmTC_a931c.dir/build.make CMakeFiles/cmTC_a931c.dir/build
Building C object CMakeFiles/cmTC_a931c.dir/OpenMPCheckVersion.c.o
/Library/Developer/CommandLineTools/usr/bin/cc   -Xpreprocessor -fopenmp -I/opt/homebrew/opt/llvm/include -arch arm64 -isysroot /Library/Developer/CommandLineTools/SDKs/MacOSX14.2.sdk -MD -MT CMakeFiles/cmTC_a931c.dir/OpenMPCheckVersion.c.o -MF CMakeFiles/cmTC_a931c.dir/OpenMPCheckVersion.c.o.d -o CMakeFiles/cmTC_a931c.dir/OpenMPCheckVersion.c.o -c /Users/patrickkeogh/CLionProjects/FYP/cmake-build-debug/CMakeFiles/FindOpenMP/OpenMPCheckVersion.c
/Users/patrickkeogh/CLionProjects/FYP/cmake-build-debug/CMakeFiles/FindOpenMP/OpenMPCheckVersion.c:3:10: fatal error: 'omp.h' file not found
#include <omp.h>
         ^~~~~~~
1 error generated.
make[1]: *** [CMakeFiles/cmTC_a931c.dir/OpenMPCheckVersion.c.o] Error 1
make: *** [cmTC_a931c/fast] Error 2



Detecting CXX OpenMP version failed with the following output:
Change Dir: /Users/patrickkeogh/CLionProjects/FYP/cmake-build-debug/CMakeFiles/CMakeTmp

Run Build Command(s):/usr/bin/make -f Makefile cmTC_d3470/fast && /Library/Developer/CommandLineTools/usr/bin/make  -f CMakeFiles/cmTC_d3470.dir/build.make CMakeFiles/cmTC_d3470.dir/build
Building CXX object CMakeFiles/cmTC_d3470.dir/OpenMPCheckVersion.cpp.o
/Library/Developer/CommandLineTools/usr/bin/c++   -Xpreprocessor -fopenmp -I/opt/homebrew/opt/llvm/include -arch arm64 -isysroot /Library/Developer/CommandLineTools/SDKs/MacOSX14.2.sdk -MD -MT CMakeFiles/cmTC_d3470.dir/OpenMPCheckVersion.cpp.o -MF CMakeFiles/cmTC_d3470.dir/OpenMPCheckVersion.cpp.o.d -o CMakeFiles/cmTC_d3470.dir/OpenMPCheckVersion.cpp.o -c /Users/patrickkeogh/CLionProjects/FYP/cmake-build-debug/CMakeFiles/FindOpenMP/OpenMPCheckVersion.cpp
/Users/patrickkeogh/CLionProjects/FYP/cmake-build-debug/CMakeFiles/FindOpenMP/OpenMPCheckVersion.cpp:3:10: fatal error: 'omp.h' file not found
#include <omp.h>
         ^~~~~~~
1 error generated.
make[1]: *** [CMakeFiles/cmTC_d3470.dir/OpenMPCheckVersion.cpp.o] Error 1
make: *** [cmTC_d3470/fast] Error 2



Detecting C OpenMP version failed with the following output:
Change Dir: /Users/patrickkeogh/CLionProjects/FYP/cmake-build-debug/CMakeFiles/CMakeTmp

Run Build Command(s):/usr/bin/make -f Makefile cmTC_fb105/fast && /Library/Developer/CommandLineTools/usr/bin/make  -f CMakeFiles/cmTC_fb105.dir/build.make CMakeFiles/cmTC_fb105.dir/build
Building C object CMakeFiles/cmTC_fb105.dir/OpenMPCheckVersion.c.o
/Library/Developer/CommandLineTools/usr/bin/cc   -Xpreprocessor -fopenmp -I/opt/homebrew/opt/llvm/include -arch arm64 -isysroot /Library/Developer/CommandLineTools/SDKs/MacOSX14.2.sdk -MD -MT CMakeFiles/cmTC_fb105.dir/OpenMPCheckVersion.c.o -MF CMakeFiles/cmTC_fb105.dir/OpenMPCheckVersion.c.o.d -o CMakeFiles/cmTC_fb105.dir/OpenMPCheckVersion.c.o -c /Users/patrickkeogh/CLionProjects/FYP/cmake-build-debug/CMakeFiles/FindOpenMP/OpenMPCheckVersion.c
/Users/patrickkeogh/CLionProjects/FYP/cmake-build-debug/CMakeFiles/FindOpenMP/OpenMPCheckVersion.c:3:10: fatal error: 'omp.h' file not found
#include <omp.h>
         ^~~~~~~
1 error generated.
make[1]: *** [CMakeFiles/cmTC_fb105.dir/OpenMPCheckVersion.c.o] Error 1
make: *** [cmTC_fb105/fast] Error 2



Detecting CXX OpenMP version failed with the following output:
Change Dir: /Users/patrickkeogh/CLionProjects/FYP/cmake-build-debug/CMakeFiles/CMakeTmp

Run Build Command(s):/usr/bin/make -f Makefile cmTC_be076/fast && /Library/Developer/CommandLineTools/usr/bin/make  -f CMakeFiles/cmTC_be076.dir/build.make CMakeFiles/cmTC_be076.dir/build
Building CXX object CMakeFiles/cmTC_be076.dir/OpenMPCheckVersion.cpp.o
/Library/Developer/CommandLineTools/usr/bin/c++   -Xpreprocessor -fopenmp -I/opt/homebrew/opt/llvm/include -arch arm64 -isysroot /Library/Developer/CommandLineTools/SDKs/MacOSX14.2.sdk -MD -MT CMakeFiles/cmTC_be076.dir/OpenMPCheckVersion.cpp.o -MF CMakeFiles/cmTC_be076.dir/OpenMPCheckVersion.cpp.o.d -o CMakeFiles/cmTC_be076.dir/OpenMPCheckVersion.cpp.o -c /Users/patrickkeogh/CLionProjects/FYP/cmake-build-debug/CMakeFiles/FindOpenMP/OpenMPCheckVersion.cpp
/Users/patrickkeogh/CLionProjects/FYP/cmake-build-debug/CMakeFiles/FindOpenMP/OpenMPCheckVersion.cpp:3:10: fatal error: 'omp.h' file not found
#include <omp.h>
         ^~~~~~~
1 error generated.
make[1]: *** [CMakeFiles/cmTC_be076.dir/OpenMPCheckVersion.cpp.o] Error 1
make: *** [cmTC_be076/fast] Error 2



Detecting C OpenMP version failed with the following output:
Change Dir: /Users/patrickkeogh/CLionProjects/FYP/cmake-build-debug/CMakeFiles/CMakeTmp

Run Build Command(s):/usr/bin/make -f Makefile cmTC_d8581/fast && /Library/Developer/CommandLineTools/usr/bin/make  -f CMakeFiles/cmTC_d8581.dir/build.make CMakeFiles/cmTC_d8581.dir/build
Building C object CMakeFiles/cmTC_d8581.dir/OpenMPCheckVersion.c.o
/Library/Developer/CommandLineTools/usr/bin/cc   -Xpreprocessor -fopenmp -I/opt/homebrew/opt/llvm/include -arch arm64 -isysroot /Library/Developer/CommandLineTools/SDKs/MacOSX14.2.sdk -MD -MT CMakeFiles/cmTC_d8581.dir/OpenMPCheckVersion.c.o -MF CMakeFiles/cmTC_d8581.dir/OpenMPCheckVersion.c.o.d -o CMakeFiles/cmTC_d8581.dir/OpenMPCheckVersion.c.o -c /Users/patrickkeogh/CLionProjects/FYP/cmake-build-debug/CMakeFiles/FindOpenMP/OpenMPCheckVersion.c
/Users/patrickkeogh/CLionProjects/FYP/cmake-build-debug/CMakeFiles/FindOpenMP/OpenMPCheckVersion.c:3:10: fatal error: 'omp.h' file not found
#include <omp.h>
         ^~~~~~~
1 error generated.
make[1]: *** [CMakeFiles/cmTC_d8581.dir/OpenMPCheckVersion.c.o] Error 1
make: *** [cmTC_d8581/fast] Error 2



Detecting CXX OpenMP version failed with the following output:
Change Dir: /Users/patrickkeogh/CLionProjects/FYP/cmake-build-debug/CMakeFiles/CMakeTmp

Run Build Command(s):/usr/bin/make -f Makefile cmTC_4d1eb/fast && /Library/Developer/CommandLineTools/usr/bin/make  -f CMakeFiles/cmTC_4d1eb.dir/build.make CMakeFiles/cmTC_4d1eb.dir/build
Building CXX object CMakeFiles/cmTC_4d1eb.dir/OpenMPCheckVersion.cpp.o
/Library/Developer/CommandLineTools/usr/bin/c++   -Xpreprocessor -fopenmp -I/opt/homebrew/opt/llvm/include -arch arm64 -isysroot /Library/Developer/CommandLineTools/SDKs/MacOSX14.2.sdk -MD -MT CMakeFiles/cmTC_4d1eb.dir/OpenMPCheckVersion.cpp.o -MF CMakeFiles/cmTC_4d1eb.dir/OpenMPCheckVersion.cpp.o.d -o CMakeFiles/cmTC_4d1eb.dir/OpenMPCheckVersion.cpp.o -c /Users/patrickkeogh/CLionProjects/FYP/cmake-build-debug/CMakeFiles/FindOpenMP/OpenMPCheckVersion.cpp
/Users/patrickkeogh/CLionProjects/FYP/cmake-build-debug/CMakeFiles/FindOpenMP/OpenMPCheckVersion.cpp:3:10: fatal error: 'omp.h' file not found
#include <omp.h>
         ^~~~~~~
1 error generated.
make[1]: *** [CMakeFiles/cmTC_4d1eb.dir/OpenMPCheckVersion.cpp.o] Error 1
make: *** [cmTC_4d1eb/fast] Error 2



